#
# There is insufficient memory for the Java Runtime Environment to continue.
# Native memory allocation (mmap) failed to map 268435456 bytes for Failed to commit area from 0x0000000701c00000 to 0x0000000711c00000 of length 268435456.
# Possible reasons:
#   The system is out of physical RAM or swap space
#   The process is running with CompressedOops enabled, and the Java Heap may be blocking the growth of the native heap
# Possible solutions:
#   Reduce memory load on the system
#   Increase physical memory or swap space
#   Check if swap backing store is full
#   Decrease Java heap size (-Xmx/-Xms)
#   Decrease number of Java threads
#   Decrease Java thread stack sizes (-Xss)
#   Set larger code cache with -XX:ReservedCodeCacheSize=
# This output file may be truncated or incomplete.
#
#  Out of Memory Error (./src/hotspot/os/windows/os_windows.cpp:3301), pid=20004, tid=14360
#
# JRE version:  (11.0.10+9) (build )
# Java VM: OpenJDK 64-Bit Server VM (11.0.10+9, mixed mode, sharing, tiered, compressed oops, g1 gc, windows-amd64)
# No core dump will be written. Minidumps are not enabled by default on client versions of Windows
#

---------------  S U M M A R Y ------------

Command Line: -Dclassworlds.conf=C:\Program Files\TMCBeans\java\maven\bin\m2.conf -Dmaven.home=C:\Program Files\TMCBeans\java\maven -Dmaven.multiModuleProjectDirectory=C:\Users\Administrator\Documents\NetBeansProjects\mooc-ohjelmoinnin-jatkokurssi\osa11-Osa11_10.Lentokentta org.codehaus.plexus.classworlds.launcher.Launcher -Dexec.args=-classpath %classpath lentokentta.Main -Dexec.executable=C:\Program Files\AdoptOpenJDK\jdk-11.0.10.9-hotspot\bin\java.exe -Dfile.encoding=UTF-8 -T=1 -q process-classes org.codehaus.mojo:exec-maven-plugin:1.5.0:exec

Host: Intel(R) Core(TM) i5-6200U CPU @ 2.30GHz, 4 cores, 15G,  Windows 10 , 64 bit Build 18362 (10.0.18362.1350)
Time: Mon Mar 29 18:54:26 2021 FLE Summer Time elapsed time: 6.070264 seconds (0d 0h 0m 6s)

---------------  T H R E A D  ---------------

Current thread (0x0000024ec57dc800):  JavaThread "Unknown thread" [_thread_in_vm, id=14360, stack(0x000000fdaaa00000,0x000000fdaab00000)]

Stack: [0x000000fdaaa00000,0x000000fdaab00000]
Native frames: (J=compiled Java code, j=interpreted, Vv=VM code, C=native code)
V  [jvm.dll+0x5f35ea]
V  [jvm.dll+0x77c65e]
V  [jvm.dll+0x77dd2f]
V  [jvm.dll+0x77e3f3]
V  [jvm.dll+0x246c38]
V  [jvm.dll+0x5f079a]
V  [jvm.dll+0x5e53c5]
V  [jvm.dll+0x2fba4c]
V  [jvm.dll+0x2fb8d2]
V  [jvm.dll+0x300586]
V  [jvm.dll+0x344cff]
V  [jvm.dll+0x344730]
V  [jvm.dll+0x2d8cb8]
V  [jvm.dll+0x2d9e06]
V  [jvm.dll+0x757c77]
V  [jvm.dll+0x7593ff]
V  [jvm.dll+0x351a59]
V  [jvm.dll+0x73aea0]
V  [jvm.dll+0x3b929f]
V  [jvm.dll+0x3bb7a1]
C  [jli.dll+0x520b]
C  [ucrtbase.dll+0x210b2]
C  [KERNEL32.DLL+0x17c24]
C  [ntdll.dll+0x6d721]


---------------  P R O C E S S  ---------------

Threads class SMR info:
_java_thread_list=0x0000024ec5682d40, length=0, elements={
}

Java Threads: ( => current thread )

Other Threads:
  0x0000024ec57f5000 GCTaskThread "GC Thread#0" [stack: 0x000000fdaab00000,0x000000fdaac00000] [id=17912]
  0x0000024ec5852800 ConcurrentGCThread "G1 Main Marker" [stack: 0x000000fdaac00000,0x000000fdaad00000] [id=19820]
  0x0000024ec5854000 ConcurrentGCThread "G1 Conc#0" [stack: 0x000000fdaad00000,0x000000fdaae00000] [id=14160]

[error occurred during error reporting (printing all threads), id 0xc0000005, EXCEPTION_ACCESS_VIOLATION (0xc0000005) at pc=0x00007ff9cddd8337]

VM state:not at safepoint (not fully initialized)

VM Mutex/Monitor currently owned by a thread:  ([mutex/lock_event])
[0x0000024ec57da350] Heap_lock - owner thread: 0x0000024ec57dc800

Heap address: 0x0000000701c00000, size: 4068 MB, Compressed Oops mode: Non-zero based: 0x0000000701c00000
Narrow klass base: 0x0000000000000000, Narrow klass shift: 0

GC Heap History (0 events):
No events

Deoptimization events (0 events):
No events

Classes redefined (0 events):
No events

Internal exceptions (0 events):
No events

Events (1 events):
Event: 0.033 Loaded shared library C:\Program Files\AdoptOpenJDK\jdk-11.0.10.9-hotspot\bin\zip.dll


Dynamic libraries:
0x00007ff6b7e70000 - 0x00007ff6b7e7d000 	C:\Program Files\AdoptOpenJDK\jdk-11.0.10.9-hotspot\bin\java.exe
0x00007ffa0d8c0000 - 0x00007ffa0dab0000 	C:\WINDOWS\SYSTEM32\ntdll.dll
0x00007ffa0c7f0000 - 0x00007ffa0c8a2000 	C:\WINDOWS\System32\KERNEL32.DLL
0x00007ffa0b6c0000 - 0x00007ffa0b965000 	C:\WINDOWS\System32\KERNELBASE.dll
0x00007ffa0a860000 - 0x00007ffa0a95a000 	C:\WINDOWS\System32\ucrtbase.dll
0x00007ff9ff980000 - 0x00007ff9ff995000 	C:\Program Files\AdoptOpenJDK\jdk-11.0.10.9-hotspot\bin\VCRUNTIME140.dll
0x00007ff9fcbc0000 - 0x00007ff9fcbd7000 	C:\Program Files\AdoptOpenJDK\jdk-11.0.10.9-hotspot\bin\jli.dll
0x00007ffa0cbb0000 - 0x00007ffa0cd44000 	C:\WINDOWS\System32\USER32.dll
0x00007ffa0a830000 - 0x00007ffa0a851000 	C:\WINDOWS\System32\win32u.dll
0x00007ff9e9810000 - 0x00007ff9e9a94000 	C:\WINDOWS\WinSxS\amd64_microsoft.windows.common-controls_6595b64144ccf1df_6.0.18362.1440_none_9e7dbfb9e45e8e67\COMCTL32.dll
0x00007ffa0d490000 - 0x00007ffa0d4b6000 	C:\WINDOWS\System32\GDI32.dll
0x00007ffa0d3f0000 - 0x00007ffa0d48e000 	C:\WINDOWS\System32\msvcrt.dll
0x00007ffa0b340000 - 0x00007ffa0b4d8000 	C:\WINDOWS\System32\gdi32full.dll
0x00007ffa0b500000 - 0x00007ffa0b59e000 	C:\WINDOWS\System32\msvcp_win.dll
0x00007ffa0d0b0000 - 0x00007ffa0d3e6000 	C:\WINDOWS\System32\combase.dll
0x00007ffa0bf20000 - 0x00007ffa0c03f000 	C:\WINDOWS\System32\RPCRT4.dll
0x00007ffa0b630000 - 0x00007ffa0b6b1000 	C:\WINDOWS\System32\bcryptPrimitives.dll
0x00007ffa0d740000 - 0x00007ffa0d76e000 	C:\WINDOWS\System32\IMM32.DLL
0x00007ff9e51f0000 - 0x00007ff9e528b000 	C:\Program Files\AdoptOpenJDK\jdk-11.0.10.9-hotspot\bin\msvcp140.dll
0x00007ff9cdaf0000 - 0x00007ff9ce633000 	C:\Program Files\AdoptOpenJDK\jdk-11.0.10.9-hotspot\bin\server\jvm.dll
0x00007ffa0c050000 - 0x00007ffa0c0f3000 	C:\WINDOWS\System32\ADVAPI32.dll
0x00007ffa0d770000 - 0x00007ffa0d807000 	C:\WINDOWS\System32\sechost.dll
0x00007ffa0d520000 - 0x00007ffa0d528000 	C:\WINDOWS\System32\PSAPI.DLL
0x00007ff9f07a0000 - 0x00007ff9f07a9000 	C:\WINDOWS\SYSTEM32\WSOCK32.dll
0x00007ff9fca40000 - 0x00007ff9fca64000 	C:\WINDOWS\SYSTEM32\WINMM.dll
0x00007ffa0ce30000 - 0x00007ffa0ce9f000 	C:\WINDOWS\System32\WS2_32.dll
0x00007ffa027b0000 - 0x00007ffa027ba000 	C:\WINDOWS\SYSTEM32\VERSION.dll
0x00007ff9fc890000 - 0x00007ff9fc8bd000 	C:\WINDOWS\SYSTEM32\WINMMBASE.dll
0x00007ffa0aa10000 - 0x00007ffa0aa5a000 	C:\WINDOWS\System32\cfgmgr32.dll
0x00007ffa0a780000 - 0x00007ffa0a791000 	C:\WINDOWS\System32\kernel.appcore.dll
0x00007ff9ee5a0000 - 0x00007ff9ee5b0000 	C:\Program Files\AdoptOpenJDK\jdk-11.0.10.9-hotspot\bin\verify.dll
0x00007ffa09130000 - 0x00007ffa09324000 	C:\WINDOWS\SYSTEM32\DBGHELP.DLL
0x00007ffa01c40000 - 0x00007ffa01c6a000 	C:\WINDOWS\SYSTEM32\dbgcore.DLL
0x00007ff9fc540000 - 0x00007ff9fc568000 	C:\Program Files\AdoptOpenJDK\jdk-11.0.10.9-hotspot\bin\java.dll
0x00007ff9ee590000 - 0x00007ff9ee59a000 	C:\Program Files\AdoptOpenJDK\jdk-11.0.10.9-hotspot\bin\jimage.dll
0x00007ff9ee530000 - 0x00007ff9ee547000 	C:\Program Files\AdoptOpenJDK\jdk-11.0.10.9-hotspot\bin\zip.dll

dbghelp: loaded successfully - version: 4.0.5 - missing functions: none
symbol engine: initialized successfully - sym options: 0x614 - pdb path: .;C:\Program Files\AdoptOpenJDK\jdk-11.0.10.9-hotspot\bin;C:\WINDOWS\SYSTEM32;C:\WINDOWS\WinSxS\amd64_microsoft.windows.common-controls_6595b64144ccf1df_6.0.18362.1440_none_9e7dbfb9e45e8e67;C:\Program Files\AdoptOpenJDK\jdk-11.0.10.9-hotspot\bin\server

VM Arguments:
jvm_args: -Dclassworlds.conf=C:\Program Files\TMCBeans\java\maven\bin\m2.conf -Dmaven.home=C:\Program Files\TMCBeans\java\maven -Dmaven.multiModuleProjectDirectory=C:\Users\Administrator\Documents\NetBeansProjects\mooc-ohjelmoinnin-jatkokurssi\osa11-Osa11_10.Lentokentta 
java_command: org.codehaus.plexus.classworlds.launcher.Launcher -Dexec.args=-classpath %classpath lentokentta.Main -Dexec.executable=C:\Program Files\AdoptOpenJDK\jdk-11.0.10.9-hotspot\bin\java.exe -Dfile.encoding=UTF-8 -T=1 -q process-classes org.codehaus.mojo:exec-maven-plugin:1.5.0:exec
java_class_path (initial): C:\Program Files\TMCBeans\java\maven\boot\plexus-classworlds-2.5.2.jar
Launcher Type: SUN_STANDARD

[Global flags]
     intx CICompilerCount                          = 3                                         {product} {ergonomic}
     uint ConcGCThreads                            = 1                                         {product} {ergonomic}
     uint G1ConcRefinementThreads                  = 4                                         {product} {ergonomic}
   size_t G1HeapRegionSize                         = 1048576                                   {product} {ergonomic}
    uintx GCDrainStackTargetSize                   = 64                                        {product} {ergonomic}
   size_t InitialHeapSize                          = 268435456                                 {product} {ergonomic}
   size_t MarkStackSize                            = 4194304                                   {product} {ergonomic}
   size_t MaxHeapSize                              = 4265607168                                {product} {ergonomic}
   size_t MinHeapDeltaBytes                        = 1048576                                   {product} {ergonomic}
    uintx NonNMethodCodeHeapSize                   = 5830732                                {pd product} {ergonomic}
    uintx NonProfiledCodeHeapSize                  = 122913754                              {pd product} {ergonomic}
    uintx ProfiledCodeHeapSize                     = 122913754                              {pd product} {ergonomic}
    uintx ReservedCodeCacheSize                    = 251658240                              {pd product} {ergonomic}
     bool SegmentedCodeCache                       = true                                      {product} {ergonomic}
     bool UseCompressedClassPointers               = true                                 {lp64_product} {ergonomic}
     bool UseCompressedOops                        = true                                 {lp64_product} {ergonomic}
     bool UseG1GC                                  = true                                      {product} {ergonomic}
     bool UseLargePagesIndividualAllocation        = false                                  {pd product} {ergonomic}

Logging:
Log output configuration:
 #0: stdout all=warning uptime,level,tags
 #1: stderr all=off uptime,level,tags

Environment Variables:
JAVA_HOME=C:\Program Files\AdoptOpenJDK\jdk-11.0.10.9-hotspot
PATH=C:\Program Files\AdoptOpenJDK\jdk-11.0.10.9-hotspot\bin;C:\app\Administrator\product\11.2.0\dbhome_1\bin;C:\ProgramData\Oracle\Java\javapath;C:\WINDOWS\system32;C:\WINDOWS;C:\WINDOWS\System32\Wbem;C:\WINDOWS\System32\WindowsPowerShell\v1.0\;C:\Program Files\nodejs\;C:\WINDOWS\System32\OpenSSH\;C:\Program Files\TortoiseGit\bin;C:\Users\Administrator\AppData\Local\Microsoft\WindowsApps;c:\Program Files\MySQL\MySQL Server 5.7\bin;C:\java\apache-maven-3.5.2\bin;C:\Users\Administrator\AppData\Local\atom\bin;C:\Users\Administrator\AppData\Local\Microsoft\WindowsApps;;C:\Program Files\Microsoft VS Code\bin;C:\Users\Administrator\AppData\Roaming\npm
USERNAME=Administrator
OS=Windows_NT
PROCESSOR_IDENTIFIER=Intel64 Family 6 Model 78 Stepping 3, GenuineIntel



---------------  S Y S T E M  ---------------

OS: Windows 10 , 64 bit Build 18362 (10.0.18362.1350)
OS uptime: 12 days 7:49 hours

CPU:total 4 (initial active 4) (2 cores per cpu, 2 threads per core) family 6 model 78 stepping 3 microcode 0xc6, cmov, cx8, fxsr, mmx, sse, sse2, sse3, ssse3, sse4.1, sse4.2, popcnt, avx, avx2, aes, clmul, erms, 3dnowpref, lzcnt, ht, tsc, tscinvbit, bmi1, bmi2, adx, fma

Memory: 4k page, system-wide physical 16264M (6614M free)
TotalPageFile size 29863M (AvailPageFile size 246M)
current process WorkingSet (physical memory assigned to process): 10M, peak: 10M
current process commit charge ("private bytes"): 52M, peak: 308M

vm_info: OpenJDK 64-Bit Server VM (11.0.10+9) for windows-amd64 JRE (11.0.10+9), built on Jan 20 2021 06:07:07 by "" with MS VC++ 15.9 (VS2017)

END.
